
  .   ____          _            __ _ _
 /\\ / ___'_ __ _ _(_)_ __  __ _ \ \ \ \
( ( )\___ | '_ | '_| | '_ \/ _` | \ \ \ \
 \\/  ___)| |_)| | | | | || (_| |  ) ) ) )
  '  |____| .__|_| |_|_| |_\__, | / / / /
 =========|_|==============|___/=/_/_/_/

 :: Spring Boot ::                (v3.4.5)

2025-05-22T12:31:40.814+07:00  INFO 94255 --- [BrainyBite] [           main] c.c.brainy_bite.BrainyBiteApplication    : Starting BrainyBiteApplication v0.0.1-SNAPSHOT using Java 23.0.2 with PID 94255 (/Users/pam/Documents/GitHub/BrainyBite/target/brainy-bite-0.0.1-SNAPSHOT.jar started by pam in /Users/pam/Documents/GitHub/BrainyBite)
2025-05-22T12:31:40.816+07:00  INFO 94255 --- [BrainyBite] [           main] c.c.brainy_bite.BrainyBiteApplication    : No active profile set, falling back to 1 default profile: "default"
2025-05-22T12:31:41.421+07:00  INFO 94255 --- [BrainyBite] [           main] .s.d.r.c.RepositoryConfigurationDelegate : Bootstrapping Spring Data JPA repositories in DEFAULT mode.
2025-05-22T12:31:41.472+07:00  INFO 94255 --- [BrainyBite] [           main] .s.d.r.c.RepositoryConfigurationDelegate : Finished Spring Data repository scanning in 41 ms. Found 1 JPA repository interface.
2025-05-22T12:31:42.052+07:00  INFO 94255 --- [BrainyBite] [           main] o.s.b.w.embedded.tomcat.TomcatWebServer  : Tomcat initialized with port 8080 (http)
2025-05-22T12:31:42.072+07:00  INFO 94255 --- [BrainyBite] [           main] o.apache.catalina.core.StandardService   : Starting service [Tomcat]
2025-05-22T12:31:42.072+07:00  INFO 94255 --- [BrainyBite] [           main] o.apache.catalina.core.StandardEngine    : Starting Servlet engine: [Apache Tomcat/10.1.40]
2025-05-22T12:31:42.096+07:00  INFO 94255 --- [BrainyBite] [           main] o.a.c.c.C.[Tomcat].[localhost].[/]       : Initializing Spring embedded WebApplicationContext
2025-05-22T12:31:42.096+07:00  INFO 94255 --- [BrainyBite] [           main] w.s.c.ServletWebServerApplicationContext : Root WebApplicationContext: initialization completed in 1240 ms
2025-05-22T12:31:42.270+07:00  INFO 94255 --- [BrainyBite] [           main] o.hibernate.jpa.internal.util.LogHelper  : HHH000204: Processing PersistenceUnitInfo [name: default]
2025-05-22T12:31:42.411+07:00  INFO 94255 --- [BrainyBite] [           main] org.hibernate.Version                    : HHH000412: Hibernate ORM core version 6.6.13.Final
2025-05-22T12:31:42.480+07:00  INFO 94255 --- [BrainyBite] [           main] o.h.c.internal.RegionFactoryInitiator    : HHH000026: Second-level cache disabled
2025-05-22T12:31:43.012+07:00  INFO 94255 --- [BrainyBite] [           main] o.s.o.j.p.SpringPersistenceUnitInfo      : No LoadTimeWeaver setup: ignoring JPA class transformer
2025-05-22T12:31:43.079+07:00  INFO 94255 --- [BrainyBite] [           main] com.zaxxer.hikari.HikariDataSource       : HikariPool-1 - Starting...
2025-05-22T12:31:46.023+07:00  INFO 94255 --- [BrainyBite] [           main] com.zaxxer.hikari.pool.HikariPool        : HikariPool-1 - Added connection com.mysql.cj.jdbc.ConnectionImpl@26865b57
2025-05-22T12:31:46.033+07:00  INFO 94255 --- [BrainyBite] [           main] com.zaxxer.hikari.HikariDataSource       : HikariPool-1 - Start completed.
2025-05-22T12:31:46.656+07:00  WARN 94255 --- [BrainyBite] [           main] org.hibernate.orm.deprecation            : HHH90000025: MySQLDialect does not need to be specified explicitly using 'hibernate.dialect' (remove the property setting and it will be selected by default)
2025-05-22T12:31:46.689+07:00  INFO 94255 --- [BrainyBite] [           main] org.hibernate.orm.connections.pooling    : HHH10001005: Database info:
	Database JDBC URL [Connecting through datasource 'HikariDataSource (HikariPool-1)']
	Database driver: undefined/unknown
	Database version: 8.0.40
	Autocommit mode: undefined/unknown
	Isolation level: undefined/unknown
	Minimum pool size: undefined/unknown
	Maximum pool size: undefined/unknown
2025-05-22T12:31:47.635+07:00  INFO 94255 --- [BrainyBite] [           main] o.h.e.t.j.p.i.JtaPlatformInitiator       : HHH000489: No JTA platform available (set 'hibernate.transaction.jta.platform' to enable JTA platform integration)
2025-05-22T12:31:48.493+07:00  INFO 94255 --- [BrainyBite] [           main] j.LocalContainerEntityManagerFactoryBean : Initialized JPA EntityManagerFactory for persistence unit 'default'
2025-05-22T12:31:50.443+07:00  WARN 94255 --- [BrainyBite] [           main] JpaBaseConfiguration$JpaWebConfiguration : spring.jpa.open-in-view is enabled by default. Therefore, database queries may be performed during view rendering. Explicitly configure spring.jpa.open-in-view to disable this warning
2025-05-22T12:31:50.500+07:00  INFO 94255 --- [BrainyBite] [           main] o.s.b.a.w.s.WelcomePageHandlerMapping    : Adding welcome page: class path resource [static/index.html]
2025-05-22T12:31:50.796+07:00  INFO 94255 --- [BrainyBite] [           main] o.s.b.w.embedded.tomcat.TomcatWebServer  : Tomcat started on port 8080 (http) with context path '/'
2025-05-22T12:31:50.815+07:00  INFO 94255 --- [BrainyBite] [           main] c.c.brainy_bite.BrainyBiteApplication    : Started BrainyBiteApplication in 10.25 seconds (process running for 10.847)
2025-05-22T13:18:15.226+07:00  WARN 94255 --- [BrainyBite] [l-1 housekeeper] com.zaxxer.hikari.pool.HikariPool        : HikariPool-1 - Thread starvation or clock leap detected (housekeeper delta=15m28s221ms).
2025-05-22T13:34:12.951+07:00  WARN 94255 --- [BrainyBite] [l-1 housekeeper] com.zaxxer.hikari.pool.HikariPool        : HikariPool-1 - Thread starvation or clock leap detected (housekeeper delta=15m27s690ms).
2025-05-22T13:36:46.913+07:00  WARN 94255 --- [BrainyBite] [l-1 housekeeper] com.zaxxer.hikari.pool.HikariPool        : HikariPool-1 - Thread starvation or clock leap detected (housekeeper delta=1m28s872ms).
2025-05-22T13:39:07.333+07:00  WARN 94255 --- [BrainyBite] [l-1 housekeeper] com.zaxxer.hikari.pool.HikariPool        : HikariPool-1 - Thread starvation or clock leap detected (housekeeper delta=1m50s397ms).
2025-05-22T15:34:39.119+07:00  WARN 94255 --- [BrainyBite] [l-1 housekeeper] com.zaxxer.hikari.pool.HikariPool        : HikariPool-1 - Thread starvation or clock leap detected (housekeeper delta=2m30s647ms).
2025-05-22T16:03:15.680+07:00  WARN 94255 --- [BrainyBite] [l-1 housekeeper] com.zaxxer.hikari.pool.HikariPool        : HikariPool-1 - Thread starvation or clock leap detected (housekeeper delta=1m6s320ms).
2025-05-22T16:53:27.104+07:00  WARN 94255 --- [BrainyBite] [l-1 housekeeper] com.zaxxer.hikari.pool.HikariPool        : HikariPool-1 - Thread starvation or clock leap detected (housekeeper delta=2m10s931ms).
2025-05-22T17:47:24.919+07:00  WARN 94255 --- [BrainyBite] [l-1 housekeeper] com.zaxxer.hikari.pool.HikariPool        : HikariPool-1 - Thread starvation or clock leap detected (housekeeper delta=1m27s491ms).
2025-05-22T18:45:25.233+07:00  WARN 94255 --- [BrainyBite] [l-1 housekeeper] com.zaxxer.hikari.pool.HikariPool        : HikariPool-1 - Thread starvation or clock leap detected (housekeeper delta=15m29s957ms).
2025-05-22T19:00:55.821+07:00  WARN 94255 --- [BrainyBite] [l-1 housekeeper] com.zaxxer.hikari.pool.HikariPool        : HikariPool-1 - Thread starvation or clock leap detected (housekeeper delta=15m30s594ms).
2025-05-22T19:05:02.639+07:00  WARN 94255 --- [BrainyBite] [l-1 housekeeper] com.zaxxer.hikari.pool.HikariPool        : HikariPool-1 - Thread starvation or clock leap detected (housekeeper delta=4m6s806ms).
2025-05-22T22:27:37.676+07:00  WARN 94255 --- [BrainyBite] [l-1 housekeeper] com.zaxxer.hikari.pool.HikariPool        : HikariPool-1 - Thread starvation or clock leap detected (housekeeper delta=15m29s979ms).
2025-05-22T22:32:25.200+07:00  WARN 94255 --- [BrainyBite] [l-1 housekeeper] com.zaxxer.hikari.pool.HikariPool        : HikariPool-1 - Thread starvation or clock leap detected (housekeeper delta=4m47s532ms).
2025-05-23T00:51:57.393+07:00  WARN 94255 --- [BrainyBite] [l-1 housekeeper] com.zaxxer.hikari.pool.HikariPool        : HikariPool-1 - Thread starvation or clock leap detected (housekeeper delta=30m31s298ms).
2025-05-23T01:07:32.922+07:00  WARN 94255 --- [BrainyBite] [l-1 housekeeper] com.zaxxer.hikari.pool.HikariPool        : HikariPool-1 - Thread starvation or clock leap detected (housekeeper delta=15m35s543ms).
2025-05-23T01:23:03.727+07:00  WARN 94255 --- [BrainyBite] [l-1 housekeeper] com.zaxxer.hikari.pool.HikariPool        : HikariPool-1 - Thread starvation or clock leap detected (housekeeper delta=15m30s803ms).
2025-05-23T01:38:34.538+07:00  WARN 94255 --- [BrainyBite] [l-1 housekeeper] com.zaxxer.hikari.pool.HikariPool        : HikariPool-1 - Thread starvation or clock leap detected (housekeeper delta=15m30s812ms).
2025-05-23T01:54:05.318+07:00  WARN 94255 --- [BrainyBite] [l-1 housekeeper] com.zaxxer.hikari.pool.HikariPool        : HikariPool-1 - Thread starvation or clock leap detected (housekeeper delta=15m30s780ms).
2025-05-23T02:09:35.926+07:00  WARN 94255 --- [BrainyBite] [l-1 housekeeper] com.zaxxer.hikari.pool.HikariPool        : HikariPool-1 - Thread starvation or clock leap detected (housekeeper delta=15m30s608ms).
2025-05-23T03:23:10.399+07:00  WARN 94255 --- [BrainyBite] [l-1 housekeeper] com.zaxxer.hikari.pool.HikariPool        : HikariPool-1 - Thread starvation or clock leap detected (housekeeper delta=1h13m34s473ms).
2025-05-23T03:38:41.132+07:00  WARN 94255 --- [BrainyBite] [l-1 housekeeper] com.zaxxer.hikari.pool.HikariPool        : HikariPool-1 - Thread starvation or clock leap detected (housekeeper delta=15m30s733ms).
2025-05-23T03:54:11.090+07:00  WARN 94255 --- [BrainyBite] [l-1 housekeeper] com.zaxxer.hikari.pool.HikariPool        : HikariPool-1 - Thread starvation or clock leap detected (housekeeper delta=15m29s958ms).
2025-05-23T04:10:59.660+07:00  WARN 94255 --- [BrainyBite] [l-1 housekeeper] com.zaxxer.hikari.pool.HikariPool        : HikariPool-1 - Thread starvation or clock leap detected (housekeeper delta=16m48s569ms).
2025-05-23T04:39:35.082+07:00  WARN 94255 --- [BrainyBite] [l-1 housekeeper] com.zaxxer.hikari.pool.HikariPool        : HikariPool-1 - Thread starvation or clock leap detected (housekeeper delta=28m35s423ms).
2025-05-23T04:55:05.820+07:00  WARN 94255 --- [BrainyBite] [l-1 housekeeper] com.zaxxer.hikari.pool.HikariPool        : HikariPool-1 - Thread starvation or clock leap detected (housekeeper delta=15m30s737ms).
2025-05-23T05:10:36.668+07:00  WARN 94255 --- [BrainyBite] [l-1 housekeeper] com.zaxxer.hikari.pool.HikariPool        : HikariPool-1 - Thread starvation or clock leap detected (housekeeper delta=15m30s849ms).
2025-05-23T05:25:17.366+07:00  WARN 94255 --- [BrainyBite] [l-1 housekeeper] com.zaxxer.hikari.pool.HikariPool        : HikariPool-1 - Thread starvation or clock leap detected (housekeeper delta=14m40s699ms).
2025-05-23T05:40:47.242+07:00  WARN 94255 --- [BrainyBite] [l-1 housekeeper] com.zaxxer.hikari.pool.HikariPool        : HikariPool-1 - Thread starvation or clock leap detected (housekeeper delta=15m29s875ms).
2025-05-23T05:56:17.659+07:00  WARN 94255 --- [BrainyBite] [l-1 housekeeper] com.zaxxer.hikari.pool.HikariPool        : HikariPool-1 - Thread starvation or clock leap detected (housekeeper delta=15m30s418ms).
2025-05-23T06:26:07.235+07:00  WARN 94255 --- [BrainyBite] [l-1 housekeeper] com.zaxxer.hikari.pool.HikariPool        : HikariPool-1 - Thread starvation or clock leap detected (housekeeper delta=29m49s575ms).
2025-05-23T06:41:37.981+07:00  WARN 94255 --- [BrainyBite] [l-1 housekeeper] com.zaxxer.hikari.pool.HikariPool        : HikariPool-1 - Thread starvation or clock leap detected (housekeeper delta=15m30s746ms).
2025-05-23T06:57:08.657+07:00  WARN 94255 --- [BrainyBite] [l-1 housekeeper] com.zaxxer.hikari.pool.HikariPool        : HikariPool-1 - Thread starvation or clock leap detected (housekeeper delta=15m30s676ms).
2025-05-23T07:12:39.441+07:00  WARN 94255 --- [BrainyBite] [l-1 housekeeper] com.zaxxer.hikari.pool.HikariPool        : HikariPool-1 - Thread starvation or clock leap detected (housekeeper delta=15m30s785ms).
2025-05-23T07:27:24.991+07:00  WARN 94255 --- [BrainyBite] [l-1 housekeeper] com.zaxxer.hikari.pool.HikariPool        : HikariPool-1 - Thread starvation or clock leap detected (housekeeper delta=14m45s549ms).
2025-05-23T07:42:55.703+07:00  WARN 94255 --- [BrainyBite] [l-1 housekeeper] com.zaxxer.hikari.pool.HikariPool        : HikariPool-1 - Thread starvation or clock leap detected (housekeeper delta=15m30s712ms).
2025-05-23T07:58:25.702+07:00  WARN 94255 --- [BrainyBite] [l-1 housekeeper] com.zaxxer.hikari.pool.HikariPool        : HikariPool-1 - Thread starvation or clock leap detected (housekeeper delta=15m30s).
2025-05-23T08:16:00.893+07:00  WARN 94255 --- [BrainyBite] [l-1 housekeeper] com.zaxxer.hikari.pool.HikariPool        : HikariPool-1 - Thread starvation or clock leap detected (housekeeper delta=17m35s190ms).
2025-05-23T08:43:34.905+07:00  WARN 94255 --- [BrainyBite] [l-1 housekeeper] com.zaxxer.hikari.pool.HikariPool        : HikariPool-1 - Thread starvation or clock leap detected (housekeeper delta=27m34s12ms).
2025-05-23T08:59:05.557+07:00  WARN 94255 --- [BrainyBite] [l-1 housekeeper] com.zaxxer.hikari.pool.HikariPool        : HikariPool-1 - Thread starvation or clock leap detected (housekeeper delta=15m30s652ms).
2025-05-23T09:14:36.194+07:00  WARN 94255 --- [BrainyBite] [l-1 housekeeper] com.zaxxer.hikari.pool.HikariPool        : HikariPool-1 - Thread starvation or clock leap detected (housekeeper delta=15m30s638ms).
2025-05-23T09:29:28.109+07:00  WARN 94255 --- [BrainyBite] [l-1 housekeeper] com.zaxxer.hikari.pool.HikariPool        : HikariPool-1 - Thread starvation or clock leap detected (housekeeper delta=14m51s915ms).
2025-05-23T10:00:04.279+07:00  WARN 94255 --- [BrainyBite] [l-1 housekeeper] com.zaxxer.hikari.pool.HikariPool        : HikariPool-1 - Thread starvation or clock leap detected (housekeeper delta=30m36s169ms).
2025-05-23T10:45:38.193+07:00  WARN 94255 --- [BrainyBite] [l-1 housekeeper] com.zaxxer.hikari.pool.HikariPool        : HikariPool-1 - Thread starvation or clock leap detected (housekeeper delta=45m3s921ms).
2025-05-23T11:01:13.810+07:00  WARN 94255 --- [BrainyBite] [l-1 housekeeper] com.zaxxer.hikari.pool.HikariPool        : HikariPool-1 - Thread starvation or clock leap detected (housekeeper delta=15m35s623ms).
2025-05-23T11:16:44.468+07:00  WARN 94255 --- [BrainyBite] [l-1 housekeeper] com.zaxxer.hikari.pool.HikariPool        : HikariPool-1 - Thread starvation or clock leap detected (housekeeper delta=15m30s658ms).
2025-05-23T11:31:26.724+07:00  WARN 94255 --- [BrainyBite] [l-1 housekeeper] com.zaxxer.hikari.pool.HikariPool        : HikariPool-1 - Thread starvation or clock leap detected (housekeeper delta=14m42s255ms).
2025-05-23T11:46:57.262+07:00  WARN 94255 --- [BrainyBite] [l-1 housekeeper] com.zaxxer.hikari.pool.HikariPool        : HikariPool-1 - Thread starvation or clock leap detected (housekeeper delta=15m30s539ms).
2025-05-23T12:02:07.951+07:00  WARN 94255 --- [BrainyBite] [l-1 housekeeper] com.zaxxer.hikari.pool.HikariPool        : HikariPool-1 - Thread starvation or clock leap detected (housekeeper delta=15m10s686ms).
2025-05-23T13:26:39.362+07:00  WARN 94255 --- [BrainyBite] [l-1 housekeeper] com.zaxxer.hikari.pool.HikariPool        : HikariPool-1 - Thread starvation or clock leap detected (housekeeper delta=15m30s651ms).
2025-05-23T13:29:29.689+07:00  WARN 94255 --- [BrainyBite] [l-1 housekeeper] com.zaxxer.hikari.pool.HikariPool        : HikariPool-1 - Thread starvation or clock leap detected (housekeeper delta=2m50s331ms).
2025-05-23T13:36:14.483+07:00  WARN 94255 --- [BrainyBite] [l-1 housekeeper] com.zaxxer.hikari.pool.HikariPool        : HikariPool-1 - Thread starvation or clock leap detected (housekeeper delta=6m44s792ms).
2025-05-23T14:45:10.235+07:00  WARN 94255 --- [BrainyBite] [l-1 housekeeper] com.zaxxer.hikari.pool.HikariPool        : HikariPool-1 - Thread starvation or clock leap detected (housekeeper delta=11m55s327ms).
2025-05-23T15:01:10.886+07:00  WARN 94255 --- [BrainyBite] [l-1 housekeeper] com.zaxxer.hikari.pool.HikariPool        : HikariPool-1 - Thread starvation or clock leap detected (housekeeper delta=15m30s622ms).
2025-05-23T15:16:41.468+07:00  WARN 94255 --- [BrainyBite] [l-1 housekeeper] com.zaxxer.hikari.pool.HikariPool        : HikariPool-1 - Thread starvation or clock leap detected (housekeeper delta=15m30s587ms).
2025-05-23T15:34:49.594+07:00  WARN 94255 --- [BrainyBite] [l-1 housekeeper] com.zaxxer.hikari.pool.HikariPool        : HikariPool-1 - Thread starvation or clock leap detected (housekeeper delta=18m8s125ms).
2025-05-23T16:08:15.139+07:00  WARN 94255 --- [BrainyBite] [l-1 housekeeper] com.zaxxer.hikari.pool.HikariPool        : HikariPool-1 - Thread starvation or clock leap detected (housekeeper delta=33m25s545ms).
2025-05-23T17:20:08.407+07:00  WARN 94255 --- [BrainyBite] [l-1 housekeeper] com.zaxxer.hikari.pool.HikariPool        : HikariPool-1 - Thread starvation or clock leap detected (housekeeper delta=1h11m53s269ms).
2025-05-23T17:47:48.142+07:00  WARN 94255 --- [BrainyBite] [l-1 housekeeper] com.zaxxer.hikari.pool.HikariPool        : HikariPool-1 - Thread starvation or clock leap detected (housekeeper delta=27m39s734ms).
2025-05-23T18:49:09.458+07:00  WARN 94255 --- [BrainyBite] [l-1 housekeeper] com.zaxxer.hikari.pool.HikariPool        : HikariPool-1 - Thread starvation or clock leap detected (housekeeper delta=1h1m21s316ms).
2025-05-23T19:23:28.706+07:00  WARN 94255 --- [BrainyBite] [l-1 housekeeper] com.zaxxer.hikari.pool.HikariPool        : HikariPool-1 - Thread starvation or clock leap detected (housekeeper delta=34m19s249ms).
2025-05-23T19:39:23.725+07:00  WARN 94255 --- [BrainyBite] [l-1 housekeeper] com.zaxxer.hikari.pool.HikariPool        : HikariPool-1 - Thread starvation or clock leap detected (housekeeper delta=15m55s16ms).
2025-05-23T19:49:56.898+07:00  WARN 94255 --- [BrainyBite] [l-1 housekeeper] com.zaxxer.hikari.pool.HikariPool        : HikariPool-1 - Thread starvation or clock leap detected (housekeeper delta=10m33s168ms).
2025-05-23T19:53:57.048+07:00  WARN 94255 --- [BrainyBite] [l-1 housekeeper] com.zaxxer.hikari.pool.HikariPool        : HikariPool-1 - Thread starvation or clock leap detected (housekeeper delta=4m158ms).
2025-05-23T20:43:22.694+07:00  WARN 94255 --- [BrainyBite] [l-1 housekeeper] com.zaxxer.hikari.pool.HikariPool        : HikariPool-1 - Thread starvation or clock leap detected (housekeeper delta=55s267ms).
2025-05-23T22:37:53.653+07:00  WARN 94255 --- [BrainyBite] [l-1 housekeeper] com.zaxxer.hikari.pool.HikariPool        : HikariPool-1 - Thread starvation or clock leap detected (housekeeper delta=15m30s61ms).
2025-05-23T22:53:24.251+07:00  WARN 94255 --- [BrainyBite] [l-1 housekeeper] com.zaxxer.hikari.pool.HikariPool        : HikariPool-1 - Thread starvation or clock leap detected (housekeeper delta=15m30s614ms).
2025-05-23T23:09:19.293+07:00  WARN 94255 --- [BrainyBite] [l-1 housekeeper] com.zaxxer.hikari.pool.HikariPool        : HikariPool-1 - Thread starvation or clock leap detected (housekeeper delta=15m55s43ms).
2025-05-23T23:24:49.260+07:00  WARN 94255 --- [BrainyBite] [l-1 housekeeper] com.zaxxer.hikari.pool.HikariPool        : HikariPool-1 - Thread starvation or clock leap detected (housekeeper delta=15m29s966ms).
2025-05-23T23:41:55.358+07:00  WARN 94255 --- [BrainyBite] [l-1 housekeeper] com.zaxxer.hikari.pool.HikariPool        : HikariPool-1 - Thread starvation or clock leap detected (housekeeper delta=17m6s98ms).
2025-05-23T23:57:55.956+07:00  WARN 94255 --- [BrainyBite] [l-1 housekeeper] com.zaxxer.hikari.pool.HikariPool        : HikariPool-1 - Thread starvation or clock leap detected (housekeeper delta=15m30s575ms).
2025-05-24T00:13:51.652+07:00  WARN 94255 --- [BrainyBite] [l-1 housekeeper] com.zaxxer.hikari.pool.HikariPool        : HikariPool-1 - Thread starvation or clock leap detected (housekeeper delta=15m55s696ms).
2025-05-24T00:23:47.829+07:00  WARN 94255 --- [BrainyBite] [l-1 housekeeper] com.zaxxer.hikari.pool.HikariPool        : HikariPool-1 - Thread starvation or clock leap detected (housekeeper delta=9m56s178ms).
2025-05-24T00:39:43.538+07:00  WARN 94255 --- [BrainyBite] [l-1 housekeeper] com.zaxxer.hikari.pool.HikariPool        : HikariPool-1 - Thread starvation or clock leap detected (housekeeper delta=15m55s708ms).
2025-05-24T00:55:38.530+07:00  WARN 94255 --- [BrainyBite] [l-1 housekeeper] com.zaxxer.hikari.pool.HikariPool        : HikariPool-1 - Thread starvation or clock leap detected (housekeeper delta=15m54s993ms).
2025-05-24T01:11:39.088+07:00  WARN 94255 --- [BrainyBite] [l-1 housekeeper] com.zaxxer.hikari.pool.HikariPool        : HikariPool-1 - Thread starvation or clock leap detected (housekeeper delta=15m30s560ms).
2025-05-24T01:40:05.034+07:00  WARN 94255 --- [BrainyBite] [l-1 housekeeper] com.zaxxer.hikari.pool.HikariPool        : HikariPool-1 - Thread starvation or clock leap detected (housekeeper delta=28m25s947ms).
2025-05-24T01:56:00.680+07:00  WARN 94255 --- [BrainyBite] [l-1 housekeeper] com.zaxxer.hikari.pool.HikariPool        : HikariPool-1 - Thread starvation or clock leap detected (housekeeper delta=15m55s647ms).
2025-05-24T02:12:25.380+07:00  WARN 94255 --- [BrainyBite] [l-1 housekeeper] com.zaxxer.hikari.pool.HikariPool        : HikariPool-1 - Thread starvation or clock leap detected (housekeeper delta=15m54s677ms).
2025-05-24T02:25:50.407+07:00  WARN 94255 --- [BrainyBite] [l-1 housekeeper] com.zaxxer.hikari.pool.HikariPool        : HikariPool-1 - Thread starvation or clock leap detected (housekeeper delta=13m25s37ms).
2025-05-24T02:41:46.318+07:00  WARN 94255 --- [BrainyBite] [l-1 housekeeper] com.zaxxer.hikari.pool.HikariPool        : HikariPool-1 - Thread starvation or clock leap detected (housekeeper delta=15m55s912ms).
2025-05-24T02:58:11.894+07:00  WARN 94255 --- [BrainyBite] [l-1 housekeeper] com.zaxxer.hikari.pool.HikariPool        : HikariPool-1 - Thread starvation or clock leap detected (housekeeper delta=15m55s618ms).
2025-05-24T03:13:42.451+07:00  WARN 94255 --- [BrainyBite] [l-1 housekeeper] com.zaxxer.hikari.pool.HikariPool        : HikariPool-1 - Thread starvation or clock leap detected (housekeeper delta=15m30s557ms).
2025-05-24T03:27:07.375+07:00  WARN 94255 --- [BrainyBite] [l-1 housekeeper] com.zaxxer.hikari.pool.HikariPool        : HikariPool-1 - Thread starvation or clock leap detected (housekeeper delta=12m54s911ms).
2025-05-24T03:42:38.128+07:00  WARN 94255 --- [BrainyBite] [l-1 housekeeper] com.zaxxer.hikari.pool.HikariPool        : HikariPool-1 - Thread starvation or clock leap detected (housekeeper delta=15m30s755ms).
2025-05-24T04:13:34.428+07:00  WARN 94255 --- [BrainyBite] [l-1 housekeeper] com.zaxxer.hikari.pool.HikariPool        : HikariPool-1 - Thread starvation or clock leap detected (housekeeper delta=30m56s301ms).
2025-05-24T04:27:57.060+07:00  WARN 94255 --- [BrainyBite] [l-1 housekeeper] com.zaxxer.hikari.pool.HikariPool        : HikariPool-1 - Thread starvation or clock leap detected (housekeeper delta=13m52s612ms).
2025-05-24T04:43:51.926+07:00  WARN 94255 --- [BrainyBite] [l-1 housekeeper] com.zaxxer.hikari.pool.HikariPool        : HikariPool-1 - Thread starvation or clock leap detected (housekeeper delta=15m54s869ms).
2025-05-24T04:59:22.509+07:00  WARN 94255 --- [BrainyBite] [l-1 housekeeper] com.zaxxer.hikari.pool.HikariPool        : HikariPool-1 - Thread starvation or clock leap detected (housekeeper delta=15m30s583ms).
2025-05-24T05:15:17.375+07:00  WARN 94255 --- [BrainyBite] [l-1 housekeeper] com.zaxxer.hikari.pool.HikariPool        : HikariPool-1 - Thread starvation or clock leap detected (housekeeper delta=15m54s866ms).
2025-05-24T05:29:07.238+07:00  WARN 94255 --- [BrainyBite] [l-1 housekeeper] com.zaxxer.hikari.pool.HikariPool        : HikariPool-1 - Thread starvation or clock leap detected (housekeeper delta=13m19s848ms).
2025-05-24T05:44:37.908+07:00  WARN 94255 --- [BrainyBite] [l-1 housekeeper] com.zaxxer.hikari.pool.HikariPool        : HikariPool-1 - Thread starvation or clock leap detected (housekeeper delta=15m30s671ms).
2025-05-24T06:01:07.051+07:00  WARN 94255 --- [BrainyBite] [l-1 housekeeper] com.zaxxer.hikari.pool.HikariPool        : HikariPool-1 - Thread starvation or clock leap detected (housekeeper delta=16m29s142ms).
2025-05-24T06:16:37.699+07:00  WARN 94255 --- [BrainyBite] [l-1 housekeeper] com.zaxxer.hikari.pool.HikariPool        : HikariPool-1 - Thread starvation or clock leap detected (housekeeper delta=15m30s649ms).
2025-05-24T06:30:08.325+07:00  WARN 94255 --- [BrainyBite] [l-1 housekeeper] com.zaxxer.hikari.pool.HikariPool        : HikariPool-1 - Thread starvation or clock leap detected (housekeeper delta=13m30s625ms).
2025-05-24T06:46:02.136+07:00  WARN 94255 --- [BrainyBite] [l-1 housekeeper] com.zaxxer.hikari.pool.HikariPool        : HikariPool-1 - Thread starvation or clock leap detected (housekeeper delta=15m53s811ms).
2025-05-24T07:01:31.834+07:00  WARN 94255 --- [BrainyBite] [l-1 housekeeper] com.zaxxer.hikari.pool.HikariPool        : HikariPool-1 - Thread starvation or clock leap detected (housekeeper delta=15m29s699ms).
2025-05-24T07:17:03.284+07:00  WARN 94255 --- [BrainyBite] [l-1 housekeeper] com.zaxxer.hikari.pool.HikariPool        : HikariPool-1 - Thread starvation or clock leap detected (housekeeper delta=15m31s450ms).
2025-05-24T07:31:07.220+07:00  WARN 94255 --- [BrainyBite] [l-1 housekeeper] com.zaxxer.hikari.pool.HikariPool        : HikariPool-1 - Thread starvation or clock leap detected (housekeeper delta=13m33s931ms).
2025-05-24T07:47:01.092+07:00  WARN 94255 --- [BrainyBite] [l-1 housekeeper] com.zaxxer.hikari.pool.HikariPool        : HikariPool-1 - Thread starvation or clock leap detected (housekeeper delta=15m53s872ms).
2025-05-24T08:03:00.952+07:00  WARN 94255 --- [BrainyBite] [l-1 housekeeper] com.zaxxer.hikari.pool.HikariPool        : HikariPool-1 - Thread starvation or clock leap detected (housekeeper delta=15m29s868ms).
2025-05-24T08:18:56.523+07:00  WARN 94255 --- [BrainyBite] [l-1 housekeeper] com.zaxxer.hikari.pool.HikariPool        : HikariPool-1 - Thread starvation or clock leap detected (housekeeper delta=15m55s571ms).
2025-05-24T08:31:42.715+07:00  WARN 94255 --- [BrainyBite] [l-1 housekeeper] com.zaxxer.hikari.pool.HikariPool        : HikariPool-1 - Thread starvation or clock leap detected (housekeeper delta=12m46s192ms).
2025-05-24T11:34:41.764+07:00  WARN 94255 --- [BrainyBite] [l-1 housekeeper] com.zaxxer.hikari.pool.HikariPool        : HikariPool-1 - Thread starvation or clock leap detected (housekeeper delta=3h2m59s50ms).
2025-05-24T12:35:47.708+07:00  WARN 94255 --- [BrainyBite] [l-1 housekeeper] com.zaxxer.hikari.pool.HikariPool        : HikariPool-1 - Thread starvation or clock leap detected (housekeeper delta=1h1m5s941ms).
2025-05-24T13:36:45.025+07:00  WARN 94255 --- [BrainyBite] [l-1 housekeeper] com.zaxxer.hikari.pool.HikariPool        : HikariPool-1 - Thread starvation or clock leap detected (housekeeper delta=1h57s319ms).
2025-05-24T13:58:45.982+07:00  WARN 94255 --- [BrainyBite] [l-1 housekeeper] com.zaxxer.hikari.pool.HikariPool        : HikariPool-1 - Thread starvation or clock leap detected (housekeeper delta=22m957ms).
2025-05-24T16:39:39.238+07:00  WARN 94255 --- [BrainyBite] [l-1 housekeeper] com.zaxxer.hikari.pool.HikariPool        : HikariPool-1 - Thread starvation or clock leap detected (housekeeper delta=2h40m53s257ms).
2025-05-24T17:09:47.193+07:00  WARN 94255 --- [BrainyBite] [l-1 housekeeper] com.zaxxer.hikari.pool.HikariPool        : HikariPool-1 - Thread starvation or clock leap detected (housekeeper delta=30m7s952ms).
2025-05-24T17:13:20.260+07:00  WARN 94255 --- [BrainyBite] [l-1 housekeeper] com.zaxxer.hikari.pool.HikariPool        : HikariPool-1 - Thread starvation or clock leap detected (housekeeper delta=1m3s30ms).
2025-05-24T17:34:20.083+07:00  WARN 94255 --- [BrainyBite] [l-1 housekeeper] com.zaxxer.hikari.pool.HikariPool        : HikariPool-1 - Thread starvation or clock leap detected (housekeeper delta=15m29s695ms).
2025-05-24T17:49:52.144+07:00  WARN 94255 --- [BrainyBite] [l-1 housekeeper] com.zaxxer.hikari.pool.HikariPool        : HikariPool-1 - Thread starvation or clock leap detected (housekeeper delta=15m32s62ms).
2025-05-24T18:29:56.392+07:00  WARN 94255 --- [BrainyBite] [l-1 housekeeper] com.zaxxer.hikari.pool.HikariPool        : HikariPool-1 - Thread starvation or clock leap detected (housekeeper delta=6m3s995ms).
2025-05-24T19:05:20.360+07:00  WARN 94255 --- [BrainyBite] [l-1 housekeeper] com.zaxxer.hikari.pool.HikariPool        : HikariPool-1 - Thread starvation or clock leap detected (housekeeper delta=7m23s664ms).
2025-05-24T19:36:03.006+07:00  WARN 94255 --- [BrainyBite] [l-1 housekeeper] com.zaxxer.hikari.pool.HikariPool        : HikariPool-1 - Thread starvation or clock leap detected (housekeeper delta=10m12s450ms).
2025-05-24T20:42:02.015+07:00  WARN 94255 --- [BrainyBite] [l-1 housekeeper] com.zaxxer.hikari.pool.HikariPool        : HikariPool-1 - Thread starvation or clock leap detected (housekeeper delta=15m28s558ms).
